::1 administrative 2 "2016-06-09 07:41:58" http://localhost/ojs2/ojs2/index.php/jurnal/index 200 "Mozilla/5.0 (Windows NT 6.1; WOW64) AppleWebKit/537.36 (KHTML, like Gecko) Chrome/51.0.2704.84 Safari/537.36"
::1 administrative 2 "2016-06-09 07:42:00" http://localhost/ojs2/ojs2/index.php/jurnal/index 200 "Mozilla/5.0 (Windows NT 6.1; WOW64) AppleWebKit/537.36 (KHTML, like Gecko) Chrome/51.0.2704.84 Safari/537.36"
::1 administrative 2 "2016-06-09 07:42:04" http://localhost/ojs2/ojs2/index.php/jurnal/index 200 "Mozilla/5.0 (Windows NT 6.1; WOW64) AppleWebKit/537.36 (KHTML, like Gecko) Chrome/51.0.2704.84 Safari/537.36"
::1 administrative 2 "2016-06-09 07:45:14" http://localhost/ojs2/ojs2/index.php/jurnal/index 200 "Mozilla/5.0 (Windows NT 6.1; WOW64) AppleWebKit/537.36 (KHTML, like Gecko) Chrome/51.0.2704.84 Safari/537.36"
::1 administrative 2 "2016-06-09 07:45:21" http://localhost/ojs2/ojs2/index.php/jurnal/index 200 "Mozilla/5.0 (Windows NT 6.1; WOW64) AppleWebKit/537.36 (KHTML, like Gecko) Chrome/51.0.2704.84 Safari/537.36"
::1 administrative 5 "2016-06-09 07:46:25" http://localhost/ojs2/ojs2/index.php/jurnal/issue/view/1 200 "Mozilla/5.0 (Windows NT 6.1; WOW64) AppleWebKit/537.36 (KHTML, like Gecko) Chrome/51.0.2704.84 Safari/537.36"
::1 administrative 5 "2016-06-09 07:46:29" http://localhost/ojs2/ojs2/index.php/jurnal/article/view/1 200 "Mozilla/5.0 (Windows NT 6.1; WOW64) AppleWebKit/537.36 (KHTML, like Gecko) Chrome/51.0.2704.84 Safari/537.36"
::1 administrative 5 "2016-06-09 07:46:31" http://localhost/ojs2/ojs2/index.php/jurnal/article/download/1/1 200 "Mozilla/5.0 (Windows NT 6.1; WOW64) AppleWebKit/537.36 (KHTML, like Gecko) Chrome/51.0.2704.84 Safari/537.36"
::1 administrative 5 "2016-06-09 07:46:39" http://localhost/ojs2/ojs2/index.php/jurnal/issue/view/1 200 "Mozilla/5.0 (Windows NT 6.1; WOW64) AppleWebKit/537.36 (KHTML, like Gecko) Chrome/51.0.2704.84 Safari/537.36"
::1 administrative 5 "2016-06-09 07:46:41" http://localhost/ojs2/ojs2/index.php/jurnal/article/download/1/1 200 "Mozilla/5.0 (Windows NT 6.1; WOW64) AppleWebKit/537.36 (KHTML, like Gecko) Chrome/51.0.2704.84 Safari/537.36"
::1 administrative 5 "2016-06-09 07:46:53" http://localhost/ojs2/ojs2/index.php/jurnal/index 200 "Mozilla/5.0 (Windows NT 6.1; WOW64) AppleWebKit/537.36 (KHTML, like Gecko) Chrome/51.0.2704.84 Safari/537.36"
::1 - - "2016-06-09 07:47:04" http://localhost/ojs2/ojs2/index.php/jurnal/index 200 "Mozilla/5.0 (Windows NT 6.1; WOW64) AppleWebKit/537.36 (KHTML, like Gecko) Chrome/51.0.2704.84 Safari/537.36"
::1 administrative 5 "2016-06-09 07:50:21" http://localhost/ojs2/ojs2/index.php/jurnal/index 200 "Mozilla/5.0 (Windows NT 6.1; WOW64) AppleWebKit/537.36 (KHTML, like Gecko) Chrome/51.0.2704.84 Safari/537.36"
::1 administrative 1 "2016-06-09 07:55:51" http://localhost/ojs2/ojs2/index.php/jurnal/issue/view/1 200 "Mozilla/5.0 (Windows NT 6.1; WOW64) AppleWebKit/537.36 (KHTML, like Gecko) Chrome/51.0.2704.84 Safari/537.36"
::1 administrative 1 "2016-06-09 07:55:56" http://localhost/ojs2/ojs2/index.php/jurnal/article/view/1 200 "Mozilla/5.0 (Windows NT 6.1; WOW64) AppleWebKit/537.36 (KHTML, like Gecko) Chrome/51.0.2704.84 Safari/537.36"
::1 administrative 1 "2016-06-09 07:56:02" http://localhost/ojs2/ojs2/index.php/jurnal/article/download/1/1 200 "Mozilla/5.0 (Windows NT 6.1; WOW64) AppleWebKit/537.36 (KHTML, like Gecko) Chrome/51.0.2704.84 Safari/537.36"
::1 administrative 1 "2016-06-09 07:57:05" http://localhost/ojs2/ojs2/index.php/jurnal/index 200 "Mozilla/5.0 (Windows NT 6.1; WOW64) AppleWebKit/537.36 (KHTML, like Gecko) Chrome/51.0.2704.84 Safari/537.36"
::1 administrative 1 "2016-06-09 09:26:14" http://localhost/ojs2/ojs2/index.php/jurnal/index 200 "Mozilla/5.0 (Windows NT 6.1; WOW64) AppleWebKit/537.36 (KHTML, like Gecko) Chrome/51.0.2704.84 Safari/537.36"
::1 administrative 1 "2016-06-09 09:26:43" http://localhost/ojs2/ojs2/index.php/jurnal/index 200 "Mozilla/5.0 (Windows NT 6.1; WOW64) AppleWebKit/537.36 (KHTML, like Gecko) Chrome/51.0.2704.84 Safari/537.36"
::1 administrative 1 "2016-06-09 09:26:49" http://localhost/ojs2/ojs2/index.php/jurnal/index 200 "Mozilla/5.0 (Windows NT 6.1; WOW64) AppleWebKit/537.36 (KHTML, like Gecko) Chrome/51.0.2704.84 Safari/537.36"
::1 administrative 1 "2016-06-09 09:26:53" http://localhost/ojs2/ojs2/index.php/jurnal/index 200 "Mozilla/5.0 (Windows NT 6.1; WOW64) AppleWebKit/537.36 (KHTML, like Gecko) Chrome/51.0.2704.84 Safari/537.36"
::1 administrative 1 "2016-06-09 09:26:56" http://localhost/ojs2/ojs2/index.php/jurnal/index 200 "Mozilla/5.0 (Windows NT 6.1; WOW64) AppleWebKit/537.36 (KHTML, like Gecko) Chrome/51.0.2704.84 Safari/537.36"
::1 administrative 4 "2016-06-09 09:48:14" http://localhost/ojs2/ojs2/index.php/jurnal/issue/view/1 200 "Mozilla/5.0 (Windows NT 6.1; WOW64) AppleWebKit/537.36 (KHTML, like Gecko) Chrome/51.0.2704.84 Safari/537.36"
::1 administrative 2 "2016-06-09 10:03:39" http://localhost/ojs2/ojs2/index.php/jurnal/index 200 "Mozilla/5.0 (Windows NT 6.1; WOW64) AppleWebKit/537.36 (KHTML, like Gecko) Chrome/51.0.2704.84 Safari/537.36"
::1 administrative 2 "2016-06-09 10:04:04" http://localhost/ojs2/ojs2/index.php/jurnal/issue/view/1 200 "Mozilla/5.0 (Windows NT 6.1; WOW64) AppleWebKit/537.36 (KHTML, like Gecko) Chrome/51.0.2704.84 Safari/537.36"
::1 administrative 2 "2016-06-09 10:04:17" http://localhost/ojs2/ojs2/index.php/jurnal/article/download/2/2 200 "Mozilla/5.0 (Windows NT 6.1; WOW64) AppleWebKit/537.36 (KHTML, like Gecko) Chrome/51.0.2704.84 Safari/537.36"
::1 administrative 2 "2016-06-09 10:04:37" http://localhost/ojs2/ojs2/index.php/jurnal/index 200 "Mozilla/5.0 (Windows NT 6.1; WOW64) AppleWebKit/537.36 (KHTML, like Gecko) Chrome/51.0.2704.84 Safari/537.36"
::1 administrative 2 "2016-06-09 10:04:39" http://localhost/ojs2/ojs2/index.php/jurnal/index 200 "Mozilla/5.0 (Windows NT 6.1; WOW64) AppleWebKit/537.36 (KHTML, like Gecko) Chrome/51.0.2704.84 Safari/537.36"
::1 administrative 2 "2016-06-09 10:05:26" http://localhost/ojs2/ojs2/index.php/jurnal/index 200 "Mozilla/5.0 (Windows NT 6.1; WOW64) AppleWebKit/537.36 (KHTML, like Gecko) Chrome/51.0.2704.84 Safari/537.36"
::1 administrative 2 "2016-06-09 10:05:31" http://localhost/ojs2/ojs2/index.php/jurnal/issue/view/1 200 "Mozilla/5.0 (Windows NT 6.1; WOW64) AppleWebKit/537.36 (KHTML, like Gecko) Chrome/51.0.2704.84 Safari/537.36"
::1 administrative 2 "2016-06-09 10:05:36" http://localhost/ojs2/ojs2/index.php/jurnal/article/download/2/2 200 "Mozilla/5.0 (Windows NT 6.1; WOW64) AppleWebKit/537.36 (KHTML, like Gecko) Chrome/51.0.2704.84 Safari/537.36"
::1 administrative 2 "2016-06-09 10:05:38" http://localhost/ojs2/ojs2/index.php/jurnal/article/view/2 200 "Mozilla/5.0 (Windows NT 6.1; WOW64) AppleWebKit/537.36 (KHTML, like Gecko) Chrome/51.0.2704.84 Safari/537.36"
::1 administrative 2 "2016-06-09 10:06:18" http://localhost/ojs2/ojs2/index.php/jurnal/index 200 "Mozilla/5.0 (Windows NT 6.1; WOW64) AppleWebKit/537.36 (KHTML, like Gecko) Chrome/51.0.2704.84 Safari/537.36"
::1 - 6 "2016-06-09 10:13:57" http://localhost/ojs2/ojs2/index.php/jurnal/issue/view/1 200 "Mozilla/5.0 (Windows NT 6.1; WOW64) AppleWebKit/537.36 (KHTML, like Gecko) Chrome/51.0.2704.84 Safari/537.36"
::1 - 6 "2016-06-09 10:14:00" http://localhost/ojs2/ojs2/index.php/jurnal/article/view/1 200 "Mozilla/5.0 (Windows NT 6.1; WOW64) AppleWebKit/537.36 (KHTML, like Gecko) Chrome/51.0.2704.84 Safari/537.36"
::1 - 6 "2016-06-09 10:14:31" http://localhost/ojs2/ojs2/index.php/jurnal/index 200 "Mozilla/5.0 (Windows NT 6.1; WOW64) AppleWebKit/537.36 (KHTML, like Gecko) Chrome/51.0.2704.84 Safari/537.36"
::1 - 6 "2016-06-09 10:14:38" http://localhost/ojs2/ojs2/index.php/jurnal/issue/view/1 200 "Mozilla/5.0 (Windows NT 6.1; WOW64) AppleWebKit/537.36 (KHTML, like Gecko) Chrome/51.0.2704.84 Safari/537.36"
::1 - 6 "2016-06-09 10:15:58" http://localhost/ojs2/ojs2/index.php/jurnal/article/view/1 200 "Mozilla/5.0 (Windows NT 6.1; WOW64) AppleWebKit/537.36 (KHTML, like Gecko) Chrome/51.0.2704.84 Safari/537.36"
