::1 - - "2016-06-16 06:03:53" http://localhost/ojs2/ojs2/index.php/jurnal/index 200 "Mozilla/5.0 (Windows NT 6.1; WOW64) AppleWebKit/537.36 (KHTML, like Gecko) Chrome/51.0.2704.84 Safari/537.36"
::1 - - "2016-06-16 06:04:54" http://localhost/ojs2/ojs2/index.php/jurnal/article/view/1 200 "Mozilla/5.0 (Windows NT 6.1; WOW64) AppleWebKit/537.36 (KHTML, like Gecko) Chrome/51.0.2704.84 Safari/537.36"
::1 - - "2016-06-16 06:05:04" http://localhost/ojs2/ojs2/index.php/jurnal/index 200 "Mozilla/5.0 (Windows NT 6.1; WOW64) AppleWebKit/537.36 (KHTML, like Gecko) Chrome/51.0.2704.84 Safari/537.36"
::1 administrative 2 "2016-06-16 06:09:07" http://localhost/ojs2/ojs2/index.php/jurnal/index 200 "Mozilla/5.0 (Windows NT 6.1; WOW64) AppleWebKit/537.36 (KHTML, like Gecko) Chrome/51.0.2704.84 Safari/537.36"
::1 - - "2016-06-16 06:09:17" http://localhost/ojs2/ojs2/index.php/jurnal/index 200 "Mozilla/5.0 (Windows NT 6.1; WOW64) AppleWebKit/537.36 (KHTML, like Gecko) Chrome/51.0.2704.84 Safari/537.36"
::1 - - "2016-06-16 06:09:41" http://localhost/ojs2/ojs2/index.php/jurnal/index 200 "Mozilla/5.0 (Windows NT 6.1; WOW64) AppleWebKit/537.36 (KHTML, like Gecko) Chrome/51.0.2704.84 Safari/537.36"
::1 - - "2016-06-16 06:11:06" http://localhost/ojs2/ojs2/index.php/jurnal/index 200 "Mozilla/5.0 (Windows NT 6.1; WOW64) AppleWebKit/537.36 (KHTML, like Gecko) Chrome/51.0.2704.84 Safari/537.36"
::1 - - "2016-06-16 06:11:09" http://localhost/ojs2/ojs2/index.php/jurnal/index 200 "Mozilla/5.0 (Windows NT 6.1; WOW64) AppleWebKit/537.36 (KHTML, like Gecko) Chrome/51.0.2704.84 Safari/537.36"
::1 - - "2016-06-16 06:11:23" http://localhost/ojs2/ojs2/index.php/jurnal/article/view/1 200 "Mozilla/5.0 (Windows NT 6.1; WOW64) AppleWebKit/537.36 (KHTML, like Gecko) Chrome/51.0.2704.84 Safari/537.36"
::1 - - "2016-06-16 06:11:28" http://localhost/ojs2/ojs2/index.php/jurnal/index 200 "Mozilla/5.0 (Windows NT 6.1; WOW64) AppleWebKit/537.36 (KHTML, like Gecko) Chrome/51.0.2704.84 Safari/537.36"
::1 - - "2016-06-16 06:15:16" http://localhost/ojs2/ojs2/index.php/jurnal/index 200 "Mozilla/5.0 (Windows NT 6.1; WOW64) AppleWebKit/537.36 (KHTML, like Gecko) Chrome/51.0.2704.84 Safari/537.36"
::1 - - "2016-06-16 06:15:30" http://localhost/ojs2/ojs2/index.php/jurnal/index 200 "Mozilla/5.0 (Windows NT 6.1; WOW64) AppleWebKit/537.36 (KHTML, like Gecko) Chrome/51.0.2704.84 Safari/537.36"
::1 - - "2016-06-16 06:15:38" http://localhost/ojs2/ojs2/index.php/jurnal/index 200 "Mozilla/5.0 (Windows NT 6.1; WOW64) AppleWebKit/537.36 (KHTML, like Gecko) Chrome/51.0.2704.84 Safari/537.36"
::1 - - "2016-06-16 06:16:12" http://localhost/ojs2/ojs2/index.php/jurnal/index 200 "Mozilla/5.0 (Windows NT 6.1; WOW64) AppleWebKit/537.36 (KHTML, like Gecko) Chrome/51.0.2704.84 Safari/537.36"
::1 - - "2016-06-16 06:16:26" http://localhost/ojs2/ojs2/index.php/jurnal/index 200 "Mozilla/5.0 (Windows NT 6.1; WOW64) AppleWebKit/537.36 (KHTML, like Gecko) Chrome/51.0.2704.84 Safari/537.36"
::1 - - "2016-06-16 06:16:53" http://localhost/ojs2/ojs2/index.php/jurnal/index 200 "Mozilla/5.0 (Windows NT 6.1; WOW64) AppleWebKit/537.36 (KHTML, like Gecko) Chrome/51.0.2704.84 Safari/537.36"
::1 administrative 1 "2016-06-16 06:17:51" http://localhost/ojs2/ojs2/index.php/jurnal/index 200 "Mozilla/5.0 (Windows NT 6.1; WOW64) AppleWebKit/537.36 (KHTML, like Gecko) Chrome/51.0.2704.84 Safari/537.36"
::1 administrative 1 "2016-06-16 06:24:24" http://localhost/ojs2/ojs2/index.php/jurnal2/index 200 "Mozilla/5.0 (Windows NT 6.1; WOW64) AppleWebKit/537.36 (KHTML, like Gecko) Chrome/51.0.2704.84 Safari/537.36"
::1 administrative 1 "2016-06-16 06:24:29" http://localhost/ojs2/ojs2/index.php/jurnal2/index 200 "Mozilla/5.0 (Windows NT 6.1; WOW64) AppleWebKit/537.36 (KHTML, like Gecko) Chrome/51.0.2704.84 Safari/537.36"
::1 administrative 1 "2016-06-16 06:24:35" http://localhost/ojs2/ojs2/index.php/jurnal2/index 200 "Mozilla/5.0 (Windows NT 6.1; WOW64) AppleWebKit/537.36 (KHTML, like Gecko) Chrome/51.0.2704.84 Safari/537.36"
::1 administrative 1 "2016-06-16 06:27:07" http://localhost/ojs2/ojs2/index.php/jurnal/index 200 "Mozilla/5.0 (Windows NT 6.1; WOW64) AppleWebKit/537.36 (KHTML, like Gecko) Chrome/51.0.2704.84 Safari/537.36"
::1 administrative 1 "2016-06-16 06:27:17" http://localhost/ojs2/ojs2/index.php/jurnal/index 200 "Mozilla/5.0 (Windows NT 6.1; WOW64) AppleWebKit/537.36 (KHTML, like Gecko) Chrome/51.0.2704.84 Safari/537.36"
::1 administrative 1 "2016-06-16 06:29:14" http://localhost/ojs2/ojs2/index.php/jurnal/index 200 "Mozilla/5.0 (Windows NT 6.1; WOW64) AppleWebKit/537.36 (KHTML, like Gecko) Chrome/51.0.2704.84 Safari/537.36"
::1 administrative 1 "2016-06-16 06:29:22" http://localhost/ojs2/ojs2/index.php/jurnal/index 200 "Mozilla/5.0 (Windows NT 6.1; WOW64) AppleWebKit/537.36 (KHTML, like Gecko) Chrome/51.0.2704.84 Safari/537.36"
::1 administrative 1 "2016-06-16 06:29:29" http://localhost/ojs2/ojs2/index.php/jurnal/index 200 "Mozilla/5.0 (Windows NT 6.1; WOW64) AppleWebKit/537.36 (KHTML, like Gecko) Chrome/51.0.2704.84 Safari/537.36"
::1 administrative 1 "2016-06-16 06:34:11" http://localhost/ojs2/ojs2/index.php/jurnal/index 200 "Mozilla/5.0 (Windows NT 6.1; WOW64) AppleWebKit/537.36 (KHTML, like Gecko) Chrome/51.0.2704.84 Safari/537.36"
::1 administrative 1 "2016-06-16 06:36:39" http://localhost/ojs2/ojs2/index.php/jurnal/index 200 "Mozilla/5.0 (Windows NT 6.1; WOW64) AppleWebKit/537.36 (KHTML, like Gecko) Chrome/51.0.2704.84 Safari/537.36"
::1 administrative 1 "2016-06-16 06:37:05" http://localhost/ojs2/ojs2/index.php/jurnal/index 200 "Mozilla/5.0 (Windows NT 6.1; WOW64) AppleWebKit/537.36 (KHTML, like Gecko) Chrome/51.0.2704.84 Safari/537.36"
::1 administrative 1 "2016-06-16 06:39:09" http://localhost/ojs2/ojs2/index.php/jurnal/index 200 "Mozilla/5.0 (Windows NT 6.1; WOW64) AppleWebKit/537.36 (KHTML, like Gecko) Chrome/51.0.2704.84 Safari/537.36"
::1 administrative 1 "2016-06-16 06:40:15" http://localhost/ojs2/ojs2/index.php/jurnal/index 200 "Mozilla/5.0 (Windows NT 6.1; WOW64) AppleWebKit/537.36 (KHTML, like Gecko) Chrome/51.0.2704.84 Safari/537.36"
::1 administrative 1 "2016-06-16 06:40:20" http://localhost/ojs2/ojs2/index.php/jurnal/index 200 "Mozilla/5.0 (Windows NT 6.1; WOW64) AppleWebKit/537.36 (KHTML, like Gecko) Chrome/51.0.2704.84 Safari/537.36"
::1 administrative 1 "2016-06-16 06:40:22" http://localhost/ojs2/ojs2/index.php/jurnal/index 200 "Mozilla/5.0 (Windows NT 6.1; WOW64) AppleWebKit/537.36 (KHTML, like Gecko) Chrome/51.0.2704.84 Safari/537.36"
::1 administrative 1 "2016-06-16 06:40:45" http://localhost/ojs2/ojs2/index.php/jurnal/index 200 "Mozilla/5.0 (Windows NT 6.1; WOW64) AppleWebKit/537.36 (KHTML, like Gecko) Chrome/51.0.2704.84 Safari/537.36"
::1 administrative 1 "2016-06-16 06:41:04" http://localhost/ojs2/ojs2/index.php/jurnal/index 200 "Mozilla/5.0 (Windows NT 6.1; WOW64) AppleWebKit/537.36 (KHTML, like Gecko) Chrome/51.0.2704.84 Safari/537.36"
::1 administrative 1 "2016-06-16 06:41:06" http://localhost/ojs2/ojs2/index.php/jurnal/index 200 "Mozilla/5.0 (Windows NT 6.1; WOW64) AppleWebKit/537.36 (KHTML, like Gecko) Chrome/51.0.2704.84 Safari/537.36"
::1 administrative 1 "2016-06-16 06:45:03" http://localhost/ojs2/ojs2/index.php/jurnal/index 200 "Mozilla/5.0 (Windows NT 6.1; WOW64) AppleWebKit/537.36 (KHTML, like Gecko) Chrome/51.0.2704.84 Safari/537.36"
::1 administrative 1 "2016-06-16 06:45:49" http://localhost/ojs2/ojs2/index.php/jurnal/index 200 "Mozilla/5.0 (Windows NT 6.1; WOW64) AppleWebKit/537.36 (KHTML, like Gecko) Chrome/51.0.2704.84 Safari/537.36"
::1 administrative 1 "2016-06-16 06:46:25" http://localhost/ojs2/ojs2/index.php/jurnal/index 200 "Mozilla/5.0 (Windows NT 6.1; WOW64) AppleWebKit/537.36 (KHTML, like Gecko) Chrome/51.0.2704.84 Safari/537.36"
::1 administrative 1 "2016-06-16 06:46:31" http://localhost/ojs2/ojs2/index.php/jurnal/index 200 "Mozilla/5.0 (Windows NT 6.1; WOW64) AppleWebKit/537.36 (KHTML, like Gecko) Chrome/51.0.2704.84 Safari/537.36"
::1 administrative 1 "2016-06-16 06:46:42" http://localhost/ojs2/ojs2/index.php/jurnal/index 200 "Mozilla/5.0 (Windows NT 6.1; WOW64) AppleWebKit/537.36 (KHTML, like Gecko) Chrome/51.0.2704.84 Safari/537.36"
::1 administrative 1 "2016-06-16 06:47:03" http://localhost/ojs2/ojs2/index.php/jurnal/index 200 "Mozilla/5.0 (Windows NT 6.1; WOW64) AppleWebKit/537.36 (KHTML, like Gecko) Chrome/51.0.2704.84 Safari/537.36"
::1 administrative 1 "2016-06-16 06:51:59" http://localhost/ojs2/ojs2/index.php/jurnal/index 200 "Mozilla/5.0 (Windows NT 6.1; WOW64) AppleWebKit/537.36 (KHTML, like Gecko) Chrome/51.0.2704.84 Safari/537.36"
::1 administrative 1 "2016-06-16 07:59:44" http://localhost/ojs2/ojs2/index.php/jurnal/index 200 "Mozilla/5.0 (Windows NT 6.1; WOW64) AppleWebKit/537.36 (KHTML, like Gecko) Chrome/51.0.2704.84 Safari/537.36"
::1 administrative 1 "2016-06-16 08:00:13" http://localhost/ojs2/ojs2/index.php/jurnal/index 200 "Mozilla/5.0 (Windows NT 6.1; WOW64) AppleWebKit/537.36 (KHTML, like Gecko) Chrome/51.0.2704.84 Safari/537.36"
::1 administrative 1 "2016-06-16 08:00:39" http://localhost/ojs2/ojs2/index.php/jurnal/index 200 "Mozilla/5.0 (Windows NT 6.1; WOW64) AppleWebKit/537.36 (KHTML, like Gecko) Chrome/51.0.2704.84 Safari/537.36"
::1 administrative 1 "2016-06-16 08:02:27" http://localhost/ojs2/ojs2/index.php/jurnal/index 200 "Mozilla/5.0 (Windows NT 6.1; WOW64) AppleWebKit/537.36 (KHTML, like Gecko) Chrome/51.0.2704.84 Safari/537.36"
::1 administrative 1 "2016-06-16 08:02:44" http://localhost/ojs2/ojs2/index.php/jurnal/index 200 "Mozilla/5.0 (Windows NT 6.1; WOW64) AppleWebKit/537.36 (KHTML, like Gecko) Chrome/51.0.2704.84 Safari/537.36"
::1 administrative 1 "2016-06-16 08:03:15" http://localhost/ojs2/ojs2/index.php/jurnal/index 200 "Mozilla/5.0 (Windows NT 6.1; WOW64) AppleWebKit/537.36 (KHTML, like Gecko) Chrome/51.0.2704.84 Safari/537.36"
::1 administrative 1 "2016-06-16 08:03:35" http://localhost/ojs2/ojs2/index.php/jurnal/index 200 "Mozilla/5.0 (Windows NT 6.1; WOW64) AppleWebKit/537.36 (KHTML, like Gecko) Chrome/51.0.2704.84 Safari/537.36"
::1 administrative 1 "2016-06-16 08:03:58" http://localhost/ojs2/ojs2/index.php/jurnal/index 200 "Mozilla/5.0 (Windows NT 6.1; WOW64) AppleWebKit/537.36 (KHTML, like Gecko) Chrome/51.0.2704.84 Safari/537.36"
::1 administrative 1 "2016-06-16 08:04:11" http://localhost/ojs2/ojs2/index.php/jurnal/index 200 "Mozilla/5.0 (Windows NT 6.1; WOW64) AppleWebKit/537.36 (KHTML, like Gecko) Chrome/51.0.2704.84 Safari/537.36"
::1 administrative 1 "2016-06-16 08:04:26" http://localhost/ojs2/ojs2/index.php/jurnal/index 200 "Mozilla/5.0 (Windows NT 6.1; WOW64) AppleWebKit/537.36 (KHTML, like Gecko) Chrome/51.0.2704.84 Safari/537.36"
::1 administrative 2 "2016-06-16 08:30:18" http://localhost/ojs2/ojs2/index.php/jurnal/index 200 "Mozilla/5.0 (Windows NT 6.1; WOW64) AppleWebKit/537.36 (KHTML, like Gecko) Chrome/51.0.2704.84 Safari/537.36"
::1 administrative 2 "2016-06-16 08:30:32" http://localhost/ojs2/ojs2/index.php/jurnal/article/view/3/4 200 "Mozilla/5.0 (Windows NT 6.1; WOW64) AppleWebKit/537.36 (KHTML, like Gecko) Chrome/51.0.2704.84 Safari/537.36"
::1 administrative 2 "2016-06-16 08:30:32" http://localhost/ojs2/ojs2/index.php/jurnal/article/view/3 200 "Mozilla/5.0 (Windows NT 6.1; WOW64) AppleWebKit/537.36 (KHTML, like Gecko) Chrome/51.0.2704.84 Safari/537.36"
::1 administrative 2 "2016-06-16 08:30:41" http://localhost/ojs2/ojs2/index.php/jurnal/article/view/3 200 "Mozilla/5.0 (Windows NT 6.1; WOW64) AppleWebKit/537.36 (KHTML, like Gecko) Chrome/51.0.2704.84 Safari/537.36"
::1 administrative 2 "2016-06-16 08:31:04" http://localhost/ojs2/ojs2/index.php/jurnal/article/view/3/4 200 "Mozilla/5.0 (Windows NT 6.1; WOW64) AppleWebKit/537.36 (KHTML, like Gecko) Chrome/51.0.2704.84 Safari/537.36"
::1 administrative 2 "2016-06-16 08:31:04" http://localhost/ojs2/ojs2/index.php/jurnal/article/view/3 200 "Mozilla/5.0 (Windows NT 6.1; WOW64) AppleWebKit/537.36 (KHTML, like Gecko) Chrome/51.0.2704.84 Safari/537.36"
::1 administrative 2 "2016-06-16 08:31:14" http://localhost/ojs2/ojs2/index.php/jurnal/index 200 "Mozilla/5.0 (Windows NT 6.1; WOW64) AppleWebKit/537.36 (KHTML, like Gecko) Chrome/51.0.2704.84 Safari/537.36"
::1 administrative 2 "2016-06-16 08:39:18" http://localhost/ojs2/ojs2/index.php/jurnal/index 200 "Mozilla/5.0 (Windows NT 6.1; WOW64) AppleWebKit/537.36 (KHTML, like Gecko) Chrome/51.0.2704.84 Safari/537.36"
::1 administrative 2 "2016-06-16 08:40:18" http://localhost/ojs2/ojs2/index.php/jurnal/index 200 "Mozilla/5.0 (Windows NT 6.1; WOW64) AppleWebKit/537.36 (KHTML, like Gecko) Chrome/51.0.2704.84 Safari/537.36"
::1 administrative 2 "2016-06-16 08:41:03" http://localhost/ojs2/ojs2/index.php/jurnal/index 200 "Mozilla/5.0 (Windows NT 6.1; WOW64) AppleWebKit/537.36 (KHTML, like Gecko) Chrome/51.0.2704.84 Safari/537.36"
::1 administrative 2 "2016-06-16 08:41:15" http://localhost/ojs2/ojs2/index.php/jurnal/index 200 "Mozilla/5.0 (Windows NT 6.1; WOW64) AppleWebKit/537.36 (KHTML, like Gecko) Chrome/51.0.2704.84 Safari/537.36"
::1 administrative 2 "2016-06-16 08:41:27" http://localhost/ojs2/ojs2/index.php/jurnal/index 200 "Mozilla/5.0 (Windows NT 6.1; WOW64) AppleWebKit/537.36 (KHTML, like Gecko) Chrome/51.0.2704.84 Safari/537.36"
::1 administrative 2 "2016-06-16 08:41:35" http://localhost/ojs2/ojs2/index.php/jurnal/index 200 "Mozilla/5.0 (Windows NT 6.1; WOW64) AppleWebKit/537.36 (KHTML, like Gecko) Chrome/51.0.2704.84 Safari/537.36"
::1 administrative 2 "2016-06-16 08:41:43" http://localhost/ojs2/ojs2/index.php/jurnal/index 200 "Mozilla/5.0 (Windows NT 6.1; WOW64) AppleWebKit/537.36 (KHTML, like Gecko) Chrome/51.0.2704.84 Safari/537.36"
::1 administrative 2 "2016-06-16 08:42:06" http://localhost/ojs2/ojs2/index.php/jurnal/index 200 "Mozilla/5.0 (Windows NT 6.1; WOW64) AppleWebKit/537.36 (KHTML, like Gecko) Chrome/51.0.2704.84 Safari/537.36"
::1 administrative 2 "2016-06-16 08:42:10" http://localhost/ojs2/ojs2/index.php/jurnal/index 200 "Mozilla/5.0 (Windows NT 6.1; WOW64) AppleWebKit/537.36 (KHTML, like Gecko) Chrome/51.0.2704.84 Safari/537.36"
::1 administrative 2 "2016-06-16 08:43:46" http://localhost/ojs2/ojs2/index.php/jurnal/index 200 "Mozilla/5.0 (Windows NT 6.1; WOW64) AppleWebKit/537.36 (KHTML, like Gecko) Chrome/51.0.2704.84 Safari/537.36"
::1 administrative 2 "2016-06-16 08:45:47" http://localhost/ojs2/ojs2/index.php/jurnal/index 200 "Mozilla/5.0 (Windows NT 6.1; WOW64) AppleWebKit/537.36 (KHTML, like Gecko) Chrome/51.0.2704.84 Safari/537.36"
::1 administrative 1 "2016-06-16 08:46:41" http://localhost/ojs2/ojs2/index.php/jurnal/index 200 "Mozilla/5.0 (Windows NT 6.1; WOW64) AppleWebKit/537.36 (KHTML, like Gecko) Chrome/51.0.2704.84 Safari/537.36"
::1 administrative 1 "2016-06-16 08:47:31" http://localhost/ojs2/ojs2/index.php/jurnal/index 200 "Mozilla/5.0 (Windows NT 6.1; WOW64) AppleWebKit/537.36 (KHTML, like Gecko) Chrome/51.0.2704.84 Safari/537.36"
::1 administrative 1 "2016-06-16 08:50:27" http://localhost/ojs2/ojs2/index.php/jurnal/index 200 "Mozilla/5.0 (Windows NT 6.1; WOW64) AppleWebKit/537.36 (KHTML, like Gecko) Chrome/51.0.2704.84 Safari/537.36"
::1 administrative 1 "2016-06-16 08:50:52" http://localhost/ojs2/ojs2/index.php/jurnal/index 200 "Mozilla/5.0 (Windows NT 6.1; WOW64) AppleWebKit/537.36 (KHTML, like Gecko) Chrome/51.0.2704.84 Safari/537.36"
::1 administrative 1 "2016-06-16 08:50:54" http://localhost/ojs2/ojs2/index.php/jurnal/index 200 "Mozilla/5.0 (Windows NT 6.1; WOW64) AppleWebKit/537.36 (KHTML, like Gecko) Chrome/51.0.2704.84 Safari/537.36"
::1 administrative 1 "2016-06-16 08:51:37" http://localhost/ojs2/ojs2/index.php/jurnal/index 200 "Mozilla/5.0 (Windows NT 6.1; WOW64) AppleWebKit/537.36 (KHTML, like Gecko) Chrome/51.0.2704.84 Safari/537.36"
::1 administrative 1 "2016-06-16 08:52:18" http://localhost/ojs2/ojs2/index.php/jurnal/index 200 "Mozilla/5.0 (Windows NT 6.1; WOW64) AppleWebKit/537.36 (KHTML, like Gecko) Chrome/51.0.2704.84 Safari/537.36"
::1 administrative 1 "2016-06-16 08:53:28" http://localhost/ojs2/ojs2/index.php/jurnal/index 200 "Mozilla/5.0 (Windows NT 6.1; WOW64) AppleWebKit/537.36 (KHTML, like Gecko) Chrome/51.0.2704.84 Safari/537.36"
::1 administrative 1 "2016-06-16 08:54:02" http://localhost/ojs2/ojs2/index.php/jurnal/index 200 "Mozilla/5.0 (Windows NT 6.1; WOW64) AppleWebKit/537.36 (KHTML, like Gecko) Chrome/51.0.2704.84 Safari/537.36"
::1 administrative 1 "2016-06-16 08:54:07" http://localhost/ojs2/ojs2/index.php/jurnal/index 200 "Mozilla/5.0 (Windows NT 6.1; WOW64) AppleWebKit/537.36 (KHTML, like Gecko) Chrome/51.0.2704.84 Safari/537.36"
::1 administrative 1 "2016-06-16 08:54:40" http://localhost/ojs2/ojs2/index.php/jurnal/index 200 "Mozilla/5.0 (Windows NT 6.1; WOW64) AppleWebKit/537.36 (KHTML, like Gecko) Chrome/51.0.2704.84 Safari/537.36"
::1 administrative 1 "2016-06-16 08:57:27" http://localhost/ojs2/ojs2/index.php/jurnal/index 200 "Mozilla/5.0 (Windows NT 6.1; WOW64) AppleWebKit/537.36 (KHTML, like Gecko) Chrome/51.0.2704.84 Safari/537.36"
::1 administrative 2 "2016-06-16 09:00:09" http://localhost/ojs2/ojs2/index.php/jurnal/index 200 "Mozilla/5.0 (Windows NT 6.1; WOW64) AppleWebKit/537.36 (KHTML, like Gecko) Chrome/51.0.2704.84 Safari/537.36"
::1 administrative 2 "2016-06-16 09:01:27" http://localhost/ojs2/ojs2/index.php/jurnal/index 200 "Mozilla/5.0 (Windows NT 6.1; WOW64) AppleWebKit/537.36 (KHTML, like Gecko) Chrome/51.0.2704.84 Safari/537.36"
::1 administrative 2 "2016-06-16 09:01:32" http://localhost/ojs2/ojs2/index.php/jurnal/issue/view/1 200 "Mozilla/5.0 (Windows NT 6.1; WOW64) AppleWebKit/537.36 (KHTML, like Gecko) Chrome/51.0.2704.84 Safari/537.36"
::1 administrative 2 "2016-06-16 09:01:53" http://localhost/ojs2/ojs2/index.php/jurnal/issue/view/1 200 "Mozilla/5.0 (Windows NT 6.1; WOW64) AppleWebKit/537.36 (KHTML, like Gecko) Chrome/51.0.2704.84 Safari/537.36"
::1 administrative 2 "2016-06-16 09:01:56" http://localhost/ojs2/ojs2/index.php/jurnal/index 200 "Mozilla/5.0 (Windows NT 6.1; WOW64) AppleWebKit/537.36 (KHTML, like Gecko) Chrome/51.0.2704.84 Safari/537.36"
::1 administrative 2 "2016-06-16 09:02:05" http://localhost/ojs2/ojs2/index.php/jurnal/index 200 "Mozilla/5.0 (Windows NT 6.1; WOW64) AppleWebKit/537.36 (KHTML, like Gecko) Chrome/51.0.2704.84 Safari/537.36"
::1 administrative 2 "2016-06-16 09:02:07" http://localhost/ojs2/ojs2/index.php/jurnal/index 200 "Mozilla/5.0 (Windows NT 6.1; WOW64) AppleWebKit/537.36 (KHTML, like Gecko) Chrome/51.0.2704.84 Safari/537.36"
::1 administrative 2 "2016-06-16 09:02:13" http://localhost/ojs2/ojs2/index.php/jurnal/article/view/1 200 "Mozilla/5.0 (Windows NT 6.1; WOW64) AppleWebKit/537.36 (KHTML, like Gecko) Chrome/51.0.2704.84 Safari/537.36"
::1 administrative 2 "2016-06-16 09:02:17" http://localhost/ojs2/ojs2/index.php/jurnal/index 200 "Mozilla/5.0 (Windows NT 6.1; WOW64) AppleWebKit/537.36 (KHTML, like Gecko) Chrome/51.0.2704.84 Safari/537.36"
::1 administrative 2 "2016-06-16 09:04:14" http://localhost/ojs2/ojs2/index.php/jurnal/index 200 "Mozilla/5.0 (Windows NT 6.1; WOW64) AppleWebKit/537.36 (KHTML, like Gecko) Chrome/51.0.2704.84 Safari/537.36"
::1 administrative 2 "2016-06-16 09:05:09" http://localhost/ojs2/ojs2/index.php/jurnal/index 200 "Mozilla/5.0 (Windows NT 6.1; WOW64) AppleWebKit/537.36 (KHTML, like Gecko) Chrome/51.0.2704.84 Safari/537.36"
::1 administrative 2 "2016-06-16 09:05:58" http://localhost/ojs2/ojs2/index.php/jurnal/index 200 "Mozilla/5.0 (Windows NT 6.1; WOW64) AppleWebKit/537.36 (KHTML, like Gecko) Chrome/51.0.2704.84 Safari/537.36"
::1 administrative 2 "2016-06-16 09:06:17" http://localhost/ojs2/ojs2/index.php/jurnal/index 200 "Mozilla/5.0 (Windows NT 6.1; WOW64) AppleWebKit/537.36 (KHTML, like Gecko) Chrome/51.0.2704.84 Safari/537.36"
::1 administrative 2 "2016-06-16 09:06:47" http://localhost/ojs2/ojs2/index.php/jurnal/index 200 "Mozilla/5.0 (Windows NT 6.1; WOW64) AppleWebKit/537.36 (KHTML, like Gecko) Chrome/51.0.2704.84 Safari/537.36"
::1 administrative 2 "2016-06-16 09:08:36" http://localhost/ojs2/ojs2/index.php/jurnal/index 200 "Mozilla/5.0 (Windows NT 6.1; WOW64) AppleWebKit/537.36 (KHTML, like Gecko) Chrome/51.0.2704.84 Safari/537.36"
::1 administrative 2 "2016-06-16 09:08:51" http://localhost/ojs2/ojs2/index.php/jurnal/index 200 "Mozilla/5.0 (Windows NT 6.1; WOW64) AppleWebKit/537.36 (KHTML, like Gecko) Chrome/51.0.2704.84 Safari/537.36"
::1 administrative 2 "2016-06-16 09:09:15" http://localhost/ojs2/ojs2/index.php/jurnal/index 200 "Mozilla/5.0 (Windows NT 6.1; WOW64) AppleWebKit/537.36 (KHTML, like Gecko) Chrome/51.0.2704.84 Safari/537.36"
::1 administrative 2 "2016-06-16 09:12:19" http://localhost/ojs2/ojs2/index.php/jurnal/index 200 "Mozilla/5.0 (Windows NT 6.1; WOW64) AppleWebKit/537.36 (KHTML, like Gecko) Chrome/51.0.2704.84 Safari/537.36"
::1 administrative 2 "2016-06-16 09:13:55" http://localhost/ojs2/ojs2/index.php/jurnal/index 200 "Mozilla/5.0 (Windows NT 6.1; WOW64) AppleWebKit/537.36 (KHTML, like Gecko) Chrome/51.0.2704.84 Safari/537.36"
::1 administrative 2 "2016-06-16 09:14:15" http://localhost/ojs2/ojs2/index.php/jurnal/index 200 "Mozilla/5.0 (Windows NT 6.1; WOW64) AppleWebKit/537.36 (KHTML, like Gecko) Chrome/51.0.2704.84 Safari/537.36"
::1 administrative 2 "2016-06-16 09:14:30" http://localhost/ojs2/ojs2/index.php/jurnal/index 200 "Mozilla/5.0 (Windows NT 6.1; WOW64) AppleWebKit/537.36 (KHTML, like Gecko) Chrome/51.0.2704.84 Safari/537.36"
::1 administrative 2 "2016-06-16 09:14:53" http://localhost/ojs2/ojs2/index.php/jurnal/index 200 "Mozilla/5.0 (Windows NT 6.1; WOW64) AppleWebKit/537.36 (KHTML, like Gecko) Chrome/51.0.2704.84 Safari/537.36"
::1 administrative 2 "2016-06-16 09:15:52" http://localhost/ojs2/ojs2/index.php/jurnal/index 200 "Mozilla/5.0 (Windows NT 6.1; WOW64) AppleWebKit/537.36 (KHTML, like Gecko) Chrome/51.0.2704.84 Safari/537.36"
::1 administrative 2 "2016-06-16 09:16:42" http://localhost/ojs2/ojs2/index.php/jurnal/index 200 "Mozilla/5.0 (Windows NT 6.1; WOW64) AppleWebKit/537.36 (KHTML, like Gecko) Chrome/51.0.2704.84 Safari/537.36"
::1 administrative 2 "2016-06-16 09:18:04" http://localhost/ojs2/ojs2/index.php/jurnal/index 200 "Mozilla/5.0 (Windows NT 6.1; WOW64) AppleWebKit/537.36 (KHTML, like Gecko) Chrome/51.0.2704.84 Safari/537.36"
::1 administrative 2 "2016-06-16 09:18:54" http://localhost/ojs2/ojs2/index.php/jurnal/index 200 "Mozilla/5.0 (Windows NT 6.1; WOW64) AppleWebKit/537.36 (KHTML, like Gecko) Chrome/51.0.2704.84 Safari/537.36"
::1 administrative 2 "2016-06-16 09:19:04" http://localhost/ojs2/ojs2/index.php/jurnal/index 200 "Mozilla/5.0 (Windows NT 6.1; WOW64) AppleWebKit/537.36 (KHTML, like Gecko) Chrome/51.0.2704.84 Safari/537.36"
::1 administrative 2 "2016-06-16 09:19:13" http://localhost/ojs2/ojs2/index.php/jurnal/index 200 "Mozilla/5.0 (Windows NT 6.1; WOW64) AppleWebKit/537.36 (KHTML, like Gecko) Chrome/51.0.2704.84 Safari/537.36"
::1 administrative 2 "2016-06-16 09:20:24" http://localhost/ojs2/ojs2/index.php/jurnal/index 200 "Mozilla/5.0 (Windows NT 6.1; WOW64) AppleWebKit/537.36 (KHTML, like Gecko) Chrome/51.0.2704.84 Safari/537.36"
::1 administrative 2 "2016-06-16 09:20:38" http://localhost/ojs2/ojs2/index.php/jurnal/article/download/1/1 200 "Mozilla/5.0 (Windows NT 6.1; WOW64) AppleWebKit/537.36 (KHTML, like Gecko) Chrome/51.0.2704.84 Safari/537.36"
::1 administrative 2 "2016-06-16 09:20:48" http://localhost/ojs2/ojs2/index.php/jurnal/article/download/3/3 200 "Mozilla/5.0 (Windows NT 6.1; WOW64) AppleWebKit/537.36 (KHTML, like Gecko) Chrome/51.0.2704.84 Safari/537.36"
::1 administrative 2 "2016-06-16 09:21:30" http://localhost/ojs2/ojs2/index.php/jurnal/index 200 "Mozilla/5.0 (Windows NT 6.1; WOW64) AppleWebKit/537.36 (KHTML, like Gecko) Chrome/51.0.2704.84 Safari/537.36"
::1 administrative 2 "2016-06-16 09:21:57" http://localhost/ojs2/ojs2/index.php/jurnal/index 200 "Mozilla/5.0 (Windows NT 6.1; WOW64) AppleWebKit/537.36 (KHTML, like Gecko) Chrome/51.0.2704.84 Safari/537.36"
::1 administrative 2 "2016-06-16 09:22:05" http://localhost/ojs2/ojs2/index.php/jurnal/index 200 "Mozilla/5.0 (Windows NT 6.1; WOW64) AppleWebKit/537.36 (KHTML, like Gecko) Chrome/51.0.2704.84 Safari/537.36"
::1 administrative 2 "2016-06-16 09:22:33" http://localhost/ojs2/ojs2/index.php/jurnal/index 200 "Mozilla/5.0 (Windows NT 6.1; WOW64) AppleWebKit/537.36 (KHTML, like Gecko) Chrome/51.0.2704.84 Safari/537.36"
::1 administrative 2 "2016-06-16 09:24:04" http://localhost/ojs2/ojs2/index.php/jurnal/index 200 "Mozilla/5.0 (Windows NT 6.1; WOW64) AppleWebKit/537.36 (KHTML, like Gecko) Chrome/51.0.2704.84 Safari/537.36"
::1 administrative 2 "2016-06-16 09:24:39" http://localhost/ojs2/ojs2/index.php/jurnal/index 200 "Mozilla/5.0 (Windows NT 6.1; WOW64) AppleWebKit/537.36 (KHTML, like Gecko) Chrome/51.0.2704.84 Safari/537.36"
::1 administrative 2 "2016-06-16 09:24:59" http://localhost/ojs2/ojs2/index.php/jurnal/index 200 "Mozilla/5.0 (Windows NT 6.1; WOW64) AppleWebKit/537.36 (KHTML, like Gecko) Chrome/51.0.2704.84 Safari/537.36"
::1 administrative 2 "2016-06-16 09:25:08" http://localhost/ojs2/ojs2/index.php/jurnal/article/view/1 200 "Mozilla/5.0 (Windows NT 6.1; WOW64) AppleWebKit/537.36 (KHTML, like Gecko) Chrome/51.0.2704.84 Safari/537.36"
::1 administrative 2 "2016-06-16 09:25:10" http://localhost/ojs2/ojs2/index.php/jurnal/index 200 "Mozilla/5.0 (Windows NT 6.1; WOW64) AppleWebKit/537.36 (KHTML, like Gecko) Chrome/51.0.2704.84 Safari/537.36"
::1 administrative 2 "2016-06-16 09:25:22" http://localhost/ojs2/ojs2/index.php/jurnal/issue/view/1 200 "Mozilla/5.0 (Windows NT 6.1; WOW64) AppleWebKit/537.36 (KHTML, like Gecko) Chrome/51.0.2704.84 Safari/537.36"
::1 - - "2016-06-16 09:25:57" http://localhost/ojs2/ojs2/index.php/jurnal/index 200 "Mozilla/5.0 (Windows NT 6.1; WOW64) AppleWebKit/537.36 (KHTML, like Gecko) Chrome/51.0.2704.84 Safari/537.36"
::1 - - "2016-06-16 09:26:08" http://localhost/ojs2/ojs2/index.php/jurnal/issue/view/1 200 "Mozilla/5.0 (Windows NT 6.1; WOW64) AppleWebKit/537.36 (KHTML, like Gecko) Chrome/51.0.2704.84 Safari/537.36"
::1 - - "2016-06-16 11:31:33" http://localhost/ojs2/ojs2/index.php/jurnal/index 200 "Mozilla/5.0 (Windows NT 6.1; WOW64) AppleWebKit/537.36 (KHTML, like Gecko) Chrome/51.0.2704.84 Safari/537.36"
::1 - - "2016-06-16 11:48:37" http://localhost/ojs2/ojs2/index.php/jurnal/issue/view/1 200 "Mozilla/5.0 (Windows NT 6.1; WOW64) AppleWebKit/537.36 (KHTML, like Gecko) Chrome/51.0.2704.84 Safari/537.36"
::1 - - "2016-06-16 11:51:05" http://localhost/ojs2/ojs2/index.php/jurnal/article/view/2 200 "Mozilla/5.0 (Windows NT 6.1; WOW64) AppleWebKit/537.36 (KHTML, like Gecko) Chrome/51.0.2704.84 Safari/537.36"
::1 - - "2016-06-16 11:52:27" http://localhost/ojs2/ojs2/index.php/jurnal/issue/view/1 200 "Mozilla/5.0 (Windows NT 6.1; WOW64) AppleWebKit/537.36 (KHTML, like Gecko) Chrome/51.0.2704.84 Safari/537.36"
