::1 - 6 "2016-06-12 04:36:50" http://localhost/ojs2/ojs2/index.php/jurnal/issue/view/1 200 "Mozilla/5.0 (Windows NT 6.1; WOW64) AppleWebKit/537.36 (KHTML, like Gecko) Chrome/51.0.2704.84 Safari/537.36"
::1 - 6 "2016-06-12 04:36:59" http://localhost/ojs2/ojs2/index.php/jurnal/article/view/2 200 "Mozilla/5.0 (Windows NT 6.1; WOW64) AppleWebKit/537.36 (KHTML, like Gecko) Chrome/51.0.2704.84 Safari/537.36"
::1 - 6 "2016-06-12 04:37:10" http://localhost/ojs2/ojs2/index.php/jurnal/article/view/2 200 "Mozilla/5.0 (Windows NT 6.1; WOW64) AppleWebKit/537.36 (KHTML, like Gecko) Chrome/51.0.2704.84 Safari/537.36"
::1 - 6 "2016-06-12 04:37:18" http://localhost/ojs2/ojs2/index.php/jurnal/issue/view/1 200 "Mozilla/5.0 (Windows NT 6.1; WOW64) AppleWebKit/537.36 (KHTML, like Gecko) Chrome/51.0.2704.84 Safari/537.36"
::1 - 6 "2016-06-12 04:37:39" http://localhost/ojs2/ojs2/index.php/jurnal/article/view/1 200 "Mozilla/5.0 (Windows NT 6.1; WOW64) AppleWebKit/537.36 (KHTML, like Gecko) Chrome/51.0.2704.84 Safari/537.36"
::1 - 6 "2016-06-12 04:44:49" http://localhost/ojs2/ojs2/index.php/jurnal/article/view/1 200 "Mozilla/5.0 (Windows NT 6.1; WOW64) AppleWebKit/537.36 (KHTML, like Gecko) Chrome/51.0.2704.84 Safari/537.36"
::1 - 6 "2016-06-12 04:45:11" http://localhost/ojs2/ojs2/index.php/jurnal/article/view/1 200 "Mozilla/5.0 (Windows NT 6.1; WOW64) AppleWebKit/537.36 (KHTML, like Gecko) Chrome/51.0.2704.84 Safari/537.36"
::1 - 6 "2016-06-12 04:47:00" http://localhost/ojs2/ojs2/index.php/jurnal/article/view/1 200 "Mozilla/5.0 (Windows NT 6.1; WOW64) AppleWebKit/537.36 (KHTML, like Gecko) Chrome/51.0.2704.84 Safari/537.36"
::1 - 6 "2016-06-12 04:47:25" http://localhost/ojs2/ojs2/index.php/jurnal/article/view/1 200 "Mozilla/5.0 (Windows NT 6.1; WOW64) AppleWebKit/537.36 (KHTML, like Gecko) Chrome/51.0.2704.84 Safari/537.36"
::1 - 6 "2016-06-12 04:47:34" http://localhost/ojs2/ojs2/index.php/jurnal/article/view/1 200 "Mozilla/5.0 (Windows NT 6.1; WOW64) AppleWebKit/537.36 (KHTML, like Gecko) Chrome/51.0.2704.84 Safari/537.36"
::1 - 6 "2016-06-12 05:23:05" http://localhost/ojs2/ojs2/index.php/jurnal/index 200 "Mozilla/5.0 (Windows NT 6.1; WOW64) AppleWebKit/537.36 (KHTML, like Gecko) Chrome/51.0.2704.84 Safari/537.36"
::1 - 6 "2016-06-12 05:23:17" http://localhost/ojs2/ojs2/index.php/jurnal/issue/view/1 200 "Mozilla/5.0 (Windows NT 6.1; WOW64) AppleWebKit/537.36 (KHTML, like Gecko) Chrome/51.0.2704.84 Safari/537.36"
::1 administrative 1 "2016-06-12 05:40:51" http://localhost/ojs2/ojs2/index.php/jurnal/issue/view/1 200 "Mozilla/5.0 (Windows NT 6.1; WOW64) AppleWebKit/537.36 (KHTML, like Gecko) Chrome/51.0.2704.84 Safari/537.36"
::1 administrative 1 "2016-06-12 06:41:40" http://localhost/ojs2/ojs2/index.php/jurnal/issue/view/1 200 "Mozilla/5.0 (Windows NT 6.1; WOW64) AppleWebKit/537.36 (KHTML, like Gecko) Chrome/51.0.2704.84 Safari/537.36"
::1 administrative 1 "2016-06-12 06:50:07" http://localhost/ojs2/ojs2/index.php/jurnal/issue/view/1 200 "Mozilla/5.0 (Windows NT 6.1; WOW64) AppleWebKit/537.36 (KHTML, like Gecko) Chrome/51.0.2704.84 Safari/537.36"
::1 administrative 1 "2016-06-12 06:50:18" http://localhost/ojs2/ojs2/index.php/jurnal/issue/view/1 200 "Mozilla/5.0 (Windows NT 6.1; WOW64) AppleWebKit/537.36 (KHTML, like Gecko) Chrome/51.0.2704.84 Safari/537.36"
::1 administrative 1 "2016-06-12 06:50:23" http://localhost/ojs2/ojs2/index.php/jurnal/issue/view/1 200 "Mozilla/5.0 (Windows NT 6.1; WOW64) AppleWebKit/537.36 (KHTML, like Gecko) Chrome/51.0.2704.84 Safari/537.36"
::1 administrative 1 "2016-06-12 06:50:46" http://localhost/ojs2/ojs2/index.php/jurnal/issue/view/1 200 "Mozilla/5.0 (Windows NT 6.1; WOW64) AppleWebKit/537.36 (KHTML, like Gecko) Chrome/51.0.2704.84 Safari/537.36"
::1 administrative 1 "2016-06-12 06:51:09" http://localhost/ojs2/ojs2/index.php/jurnal/issue/view/1 200 "Mozilla/5.0 (Windows NT 6.1; WOW64) AppleWebKit/537.36 (KHTML, like Gecko) Chrome/51.0.2704.84 Safari/537.36"
::1 administrative 1 "2016-06-12 06:51:18" http://localhost/ojs2/ojs2/index.php/jurnal/issue/view/1 200 "Mozilla/5.0 (Windows NT 6.1; WOW64) AppleWebKit/537.36 (KHTML, like Gecko) Chrome/51.0.2704.84 Safari/537.36"
::1 administrative 1 "2016-06-12 06:52:18" http://localhost/ojs2/ojs2/index.php/jurnal/issue/view/1 200 "Mozilla/5.0 (Windows NT 6.1; WOW64) AppleWebKit/537.36 (KHTML, like Gecko) Chrome/51.0.2704.84 Safari/537.36"
::1 administrative 1 "2016-06-12 06:52:27" http://localhost/ojs2/ojs2/index.php/jurnal/issue/view/1 200 "Mozilla/5.0 (Windows NT 6.1; WOW64) AppleWebKit/537.36 (KHTML, like Gecko) Chrome/51.0.2704.84 Safari/537.36"
::1 administrative 1 "2016-06-12 06:52:32" http://localhost/ojs2/ojs2/index.php/jurnal/issue/view/1 200 "Mozilla/5.0 (Windows NT 6.1; WOW64) AppleWebKit/537.36 (KHTML, like Gecko) Chrome/51.0.2704.84 Safari/537.36"
::1 administrative 1 "2016-06-12 06:53:40" http://localhost/ojs2/ojs2/index.php/jurnal/issue/view/1 200 "Mozilla/5.0 (Windows NT 6.1; WOW64) AppleWebKit/537.36 (KHTML, like Gecko) Chrome/51.0.2704.84 Safari/537.36"
::1 administrative 1 "2016-06-12 06:53:41" http://localhost/ojs2/ojs2/index.php/jurnal/issue/view/1 200 "Mozilla/5.0 (Windows NT 6.1; WOW64) AppleWebKit/537.36 (KHTML, like Gecko) Chrome/51.0.2704.84 Safari/537.36"
::1 administrative 1 "2016-06-12 06:53:53" http://localhost/ojs2/ojs2/index.php/jurnal/issue/view/1 200 "Mozilla/5.0 (Windows NT 6.1; WOW64) AppleWebKit/537.36 (KHTML, like Gecko) Chrome/51.0.2704.84 Safari/537.36"
::1 administrative 1 "2016-06-12 06:54:02" http://localhost/ojs2/ojs2/index.php/jurnal/issue/view/1 200 "Mozilla/5.0 (Windows NT 6.1; WOW64) AppleWebKit/537.36 (KHTML, like Gecko) Chrome/51.0.2704.84 Safari/537.36"
::1 administrative 1 "2016-06-12 06:55:58" http://localhost/ojs2/ojs2/index.php/jurnal/issue/view/1 200 "Mozilla/5.0 (Windows NT 6.1; WOW64) AppleWebKit/537.36 (KHTML, like Gecko) Chrome/51.0.2704.84 Safari/537.36"
::1 administrative 1 "2016-06-12 06:57:45" http://localhost/ojs2/ojs2/index.php/jurnal/issue/view/1 200 "Mozilla/5.0 (Windows NT 6.1; WOW64) AppleWebKit/537.36 (KHTML, like Gecko) Chrome/51.0.2704.84 Safari/537.36"
::1 administrative 1 "2016-06-12 07:20:38" http://localhost/ojs2/ojs2/index.php/jurnal/issue/view/1 200 "Mozilla/5.0 (Windows NT 6.1; WOW64) AppleWebKit/537.36 (KHTML, like Gecko) Chrome/51.0.2704.84 Safari/537.36"
::1 administrative 1 "2016-06-12 07:30:21" http://localhost/ojs2/ojs2/index.php/jurnal/issue/view/1 200 "Mozilla/5.0 (Windows NT 6.1; WOW64) AppleWebKit/537.36 (KHTML, like Gecko) Chrome/51.0.2704.84 Safari/537.36"
::1 administrative 1 "2016-06-12 07:30:58" http://localhost/ojs2/ojs2/index.php/jurnal/issue/view/1 200 "Mozilla/5.0 (Windows NT 6.1; WOW64) AppleWebKit/537.36 (KHTML, like Gecko) Chrome/51.0.2704.84 Safari/537.36"
::1 administrative 1 "2016-06-12 07:31:25" http://localhost/ojs2/ojs2/index.php/jurnal/issue/view/1 200 "Mozilla/5.0 (Windows NT 6.1; WOW64) AppleWebKit/537.36 (KHTML, like Gecko) Chrome/51.0.2704.84 Safari/537.36"
::1 administrative 1 "2016-06-12 07:31:45" http://localhost/ojs2/ojs2/index.php/jurnal/issue/view/1 200 "Mozilla/5.0 (Windows NT 6.1; WOW64) AppleWebKit/537.36 (KHTML, like Gecko) Chrome/51.0.2704.84 Safari/537.36"
::1 administrative 1 "2016-06-12 07:31:51" http://localhost/ojs2/ojs2/index.php/jurnal/index 200 "Mozilla/5.0 (Windows NT 6.1; WOW64) AppleWebKit/537.36 (KHTML, like Gecko) Chrome/51.0.2704.84 Safari/537.36"
::1 administrative 1 "2016-06-12 07:31:54" http://localhost/ojs2/ojs2/index.php/jurnal/index 200 "Mozilla/5.0 (Windows NT 6.1; WOW64) AppleWebKit/537.36 (KHTML, like Gecko) Chrome/51.0.2704.84 Safari/537.36"
::1 administrative 1 "2016-06-12 07:32:03" http://localhost/ojs2/ojs2/index.php/jurnal/index 200 "Mozilla/5.0 (Windows NT 6.1; WOW64) AppleWebKit/537.36 (KHTML, like Gecko) Chrome/51.0.2704.84 Safari/537.36"
::1 administrative 1 "2016-06-12 07:32:41" http://localhost/ojs2/ojs2/index.php/jurnal/index 200 "Mozilla/5.0 (Windows NT 6.1; WOW64) AppleWebKit/537.36 (KHTML, like Gecko) Chrome/51.0.2704.84 Safari/537.36"
